<?xml version="1.0" encoding="UTF-8"?>
<!-- Generated by org.testng.reporters.JUnitReportReporter -->
<testsuite hostname="IBM-PF3KWH1K" failures="0" tests="2" name="com.parameters.ParameterTest2" time="19.703" errors="0" timestamp="26 Feb 2024 17:00:26 GMT" skipped="0">
  <testcase classname="com.parameters.ParameterTest2" name="buttons" time="8.976"/>
  <testcase classname="com.parameters.ParameterTest2" name="links" time="10.727"/>
</testsuite> <!-- com.parameters.ParameterTest2 -->
