<?xml version="1.0" encoding="UTF-8"?>
<!-- Generated by org.testng.reporters.JUnitReportReporter -->
<testsuite hostname="IBM-PF3KWH1K" failures="0" tests="4" name="com.opencart.testcases.EditAccountPageTest" time="21.881" errors="0" timestamp="2024-02-27T17:23:20 EST" skipped="0">
  <testcase classname="com.opencart.testcases.EditAccountPageTest" name="validateHeadingTest" time="5.529"/>
  <testcase classname="com.opencart.testcases.EditAccountPageTest" name="validateContinueBtnTest" time="4.987"/>
  <testcase classname="com.opencart.testcases.EditAccountPageTest" name="validateBackBtnTest" time="5.682"/>
  <testcase classname="com.opencart.testcases.EditAccountPageTest" name="loginTest" time="5.683"/>
</testsuite> <!-- com.opencart.testcases.EditAccountPageTest -->
