<?xml version="1.0" encoding="UTF-8"?>
<!-- Generated by org.testng.reporters.JUnitReportReporter -->
<testsuite hostname="IBM-PF3KWH1K" failures="0" tests="3" name="com.opencart.testcases.DesktopsPageTest" time="15.108" errors="0" timestamp="2024-02-27T14:51:19 EST" skipped="0">
  <testcase classname="com.opencart.testcases.DesktopsPageTest" name="navigateToDesktopsTest" time="4.913"/>
  <testcase classname="com.opencart.testcases.DesktopsPageTest" name="validateDesktopsPageTittleTest" time="5.270"/>
  <testcase classname="com.opencart.testcases.DesktopsPageTest" name="validateSearchTest" time="4.925"/>
</testsuite> <!-- com.opencart.testcases.DesktopsPageTest -->
