<?xml version="1.0" encoding="UTF-8"?>
<!-- Generated by org.testng.reporters.JUnitReportReporter -->
<testsuite hostname="IBM-PF3KWH1K" failures="0" tests="3" name="com.opencart.testcases.LoginPageTest" time="12.531" errors="0" timestamp="2024-02-27T17:23:20 EST" skipped="0">
  <testcase classname="com.opencart.testcases.LoginPageTest" name="loginPageTittleTest" time="3.942"/>
  <testcase classname="com.opencart.testcases.LoginPageTest" name="webpageLogoTest" time="3.729"/>
  <testcase classname="com.opencart.testcases.LoginPageTest" name="loginTest" time="4.860"/>
</testsuite> <!-- com.opencart.testcases.LoginPageTest -->
