<?xml version="1.0" encoding="UTF-8"?>
<!-- Generated by org.testng.reporters.JUnitReportReporter -->
<testsuite hostname="IBM-PF3KWH1K" failures="0" tests="3" name="com.opencart.testcases.MyAccountPageTest" time="13.883" errors="0" timestamp="2024-02-27T17:23:20 EST" skipped="0">
  <testcase classname="com.opencart.testcases.MyAccountPageTest" name="validateDesktopsPageTittleTest" time="4.116"/>
  <testcase classname="com.opencart.testcases.MyAccountPageTest" name="validateAddToCartBtnTest" time="4.808"/>
  <testcase classname="com.opencart.testcases.MyAccountPageTest" name="validateSearchTest" time="4.959"/>
</testsuite> <!-- com.opencart.testcases.MyAccountPageTest -->
