<?xml version="1.0" encoding="UTF-8"?>
<!-- Generated by org.testng.reporters.JUnitReportReporter -->
<testsuite hostname="IBM-PF3KWH1K" failures="0" tests="3" name="com.parameters.ParameterTest" time="27.734" errors="0" timestamp="26 Feb 2024 17:00:26 GMT" skipped="0">
  <testcase classname="com.parameters.ParameterTest" name="laptopsAndNotebooks" time="7.950"/>
  <testcase classname="com.parameters.ParameterTest" name="search" time="10.386"/>
  <testcase classname="com.parameters.ParameterTest" name="desktops" time="9.398"/>
</testsuite> <!-- com.parameters.ParameterTest -->
