<?xml version="1.0" encoding="UTF-8"?>
<!-- Generated by org.testng.reporters.JUnitReportReporter -->
<testsuite hostname="IBM-PF3KWH1K" failures="0" tests="3" name="TestNG.GoogleTest" time="7.082" errors="0" timestamp="2024-02-25T22:08:08 EST" skipped="0">
  <testcase classname="TestNG.GoogleTest" name="googleLogoTest" time="2.609"/>
  <testcase classname="TestNG.GoogleTest" name="gmailLinkTest" time="2.304"/>
  <testcase classname="TestNG.GoogleTest" name="googleTittleTest" time="2.169"/>
</testsuite> <!-- TestNG.GoogleTest -->
