<?xml version="1.0" encoding="UTF-8"?>
<!-- Generated by org.testng.reporters.JUnitReportReporter -->
<testsuite hostname="IBM-PF3KWH1K" failures="0" tests="2" name="TestNG.TestngBasics" time="0.000" errors="0" timestamp="2024-02-25T22:08:08 EST" skipped="0">
  <testcase classname="TestNG.TestngBasics" name="googleTittleTest" time="0.000"/>
  <testcase classname="TestNG.TestngBasics" name="searchTest" time="0.000"/>
</testsuite> <!-- TestNG.TestngBasics -->
